<?xml version="1.0" encoding="UTF-8"?>
<testsuite name="Realizar el registro de un nuevo usuario y realizar una compra en Product Store" tests="2" skipped="0" failures="0" errors="0" timestamp="2024-03-19T16:40:22" hostname="DESKTOP-E18IH93" time="63.332">
  <properties/>
  <testcase name="Registro de un nuevo usuario" classname="Realizar el registro de un nuevo usuario y realizar una compra en Product Store" time="28.77"/>
  <testcase name="Realizar una compra agregando productos al carrito" classname="Realizar el registro de un nuevo usuario y realizar una compra en Product Store" time="34.562"/>
  <system-out><![CDATA[]]></system-out>
  <system-err><![CDATA[[Test worker] INFO  - 
  _____   ___   ___   _____     ___   _____     _     ___   _____   ___   ___  
 |_   _| | __| / __| |_   _|   / __| |_   _|   /_\   | _ \ |_   _| | __| |   \ 
   | |   | _|  \__ \   | |     \__ \   | |    / _ \  |   /   | |   | _|  | |) |
   |_|   |___| |___/   |_|     |___/   |_|   /_/ \_\ |_|_\   |_|   |___| |___/ 

Registro de un nuevo usuario(realizar-el-registro-de-un-nuevo-usuario-y-realizar-una-compra-en-product-store;registro-de-un-nuevo-usuario)
--------------------------------------------------------------------------------
[Test worker] INFO  - 
  _____   ___   ___   _____     ___     _     ___   ___   ___   ___  
 |_   _| | __| / __| |_   _|   | _ \   /_\   / __| / __| | __| |   \ 
   | |   | _|  \__ \   | |     |  _/  / _ \  \__ \ \__ \ | _|  | |) |
   |_|   |___| |___/   |_|     |_|   /_/ \_\ |___/ |___/ |___| |___/ 

Registro de un nuevo usuario
----------------------------------------------------------------------
[Test worker] INFO  - 
  _____   ___   ___   _____     ___   _____     _     ___   _____   ___   ___  
 |_   _| | __| / __| |_   _|   / __| |_   _|   /_\   | _ \ |_   _| | __| |   \ 
   | |   | _|  \__ \   | |     \__ \   | |    / _ \  |   /   | |   | _|  | |) |
   |_|   |___| |___/   |_|     |___/   |_|   /_/ \_\ |_|_\   |_|   |___| |___/ 

Realizar una compra agregando productos al carrito(realizar-el-registro-de-un-nuevo-usuario-y-realizar-una-compra-en-product-store;realizar-una-compra-agregando-productos-al-carrito)
--------------------------------------------------------------------------------
[Test worker] INFO  - 
  _____   ___   ___   _____     ___     _     ___   ___   ___   ___  
 |_   _| | __| / __| |_   _|   | _ \   /_\   / __| / __| | __| |   \ 
   | |   | _|  \__ \   | |     |  _/  / _ \  \__ \ \__ \ | _|  | |) |
   |_|   |___| |___/   |_|     |_|   /_/ \_\ |___/ |___/ |___| |___/ 

Realizar una compra agregando productos al carrito
----------------------------------------------------------------------
]]></system-err>
</testsuite>
